<?xml version="1.0" encoding="UTF-8"?>
<testng-results skipped="0" failed="0" total="1" passed="1">
  <reporter-output>
  </reporter-output>
  <suite name="Suite" duration-ms="23" started-at="2019-01-09T10:51:25Z" finished-at="2019-01-09T10:51:25Z">
    <groups>
    </groups>
    <test name="Test" duration-ms="23" started-at="2019-01-09T10:51:25Z" finished-at="2019-01-09T10:51:25Z">
      <class name="PrintText">
        <test-method status="PASS" signature="texttc()[pri:0, instance:PrintText@25618e91]" name="texttc" duration-ms="8" started-at="2019-01-09T16:21:25Z" finished-at="2019-01-09T16:21:25Z">
          <reporter-output>
          </reporter-output>
        </test-method> <!-- texttc -->
      </class> <!-- PrintText -->
    </test> <!-- Test -->
  </suite> <!-- Suite -->
</testng-results>
