<?xml version="1.0" encoding="UTF-8"?>
<testng-results skipped="0" failed="0" ignored="0" total="1" passed="1">
  <reporter-output>
  </reporter-output>
  <suite name="Suite" duration-ms="82" started-at="2019-01-09T10:50:51Z" finished-at="2019-01-09T10:50:51Z">
    <groups>
    </groups>
    <test name="Test" duration-ms="82" started-at="2019-01-09T10:50:51Z" finished-at="2019-01-09T10:50:51Z">
      <class name="PrintText">
        <test-method status="PASS" signature="texttc()[pri:0, instance:PrintText@396a51ab]" name="texttc" duration-ms="31" started-at="2019-01-09T10:50:51Z" finished-at="2019-01-09T10:50:51Z">
          <reporter-output>
          </reporter-output>
        </test-method> <!-- texttc -->
      </class> <!-- PrintText -->
    </test> <!-- Test -->
  </suite> <!-- Suite -->
</testng-results>
